D:\MyFolder\Learning\NetCore\DutchTreat\DutchTreat\wwwroot\clientapp\out-tsc\app\app.component.js
D:\MyFolder\Learning\NetCore\DutchTreat\DutchTreat\wwwroot\clientapp\out-tsc\app\app.component.js.map
D:\MyFolder\Learning\NetCore\DutchTreat\DutchTreat\wwwroot\clientapp\out-tsc\app\shared\product.js
D:\MyFolder\Learning\NetCore\DutchTreat\DutchTreat\wwwroot\clientapp\out-tsc\app\shared\product.js.map
D:\MyFolder\Learning\NetCore\DutchTreat\DutchTreat\wwwroot\clientapp\out-tsc\app\shared\order.js
D:\MyFolder\Learning\NetCore\DutchTreat\DutchTreat\wwwroot\clientapp\out-tsc\app\shared\order.js.map
D:\MyFolder\Learning\NetCore\DutchTreat\DutchTreat\wwwroot\clientapp\out-tsc\app\shared\dataService.js
D:\MyFolder\Learning\NetCore\DutchTreat\DutchTreat\wwwroot\clientapp\out-tsc\app\shared\dataService.js.map
D:\MyFolder\Learning\NetCore\DutchTreat\DutchTreat\wwwroot\clientapp\out-tsc\app\shop\productList.component.js
D:\MyFolder\Learning\NetCore\DutchTreat\DutchTreat\wwwroot\clientapp\out-tsc\app\shop\productList.component.js.map
D:\MyFolder\Learning\NetCore\DutchTreat\DutchTreat\wwwroot\clientapp\out-tsc\app\shop\cart.component.js
D:\MyFolder\Learning\NetCore\DutchTreat\DutchTreat\wwwroot\clientapp\out-tsc\app\shop\cart.component.js.map
D:\MyFolder\Learning\NetCore\DutchTreat\DutchTreat\wwwroot\clientapp\out-tsc\app\shop\shop.component.js
D:\MyFolder\Learning\NetCore\DutchTreat\DutchTreat\wwwroot\clientapp\out-tsc\app\shop\shop.component.js.map
D:\MyFolder\Learning\NetCore\DutchTreat\DutchTreat\wwwroot\clientapp\out-tsc\app\checkout\checkout.component.js
D:\MyFolder\Learning\NetCore\DutchTreat\DutchTreat\wwwroot\clientapp\out-tsc\app\checkout\checkout.component.js.map
D:\MyFolder\Learning\NetCore\DutchTreat\DutchTreat\wwwroot\clientapp\out-tsc\app\login\login.component.js
D:\MyFolder\Learning\NetCore\DutchTreat\DutchTreat\wwwroot\clientapp\out-tsc\app\login\login.component.js.map
D:\MyFolder\Learning\NetCore\DutchTreat\DutchTreat\wwwroot\clientapp\out-tsc\app\app.module.js
D:\MyFolder\Learning\NetCore\DutchTreat\DutchTreat\wwwroot\clientapp\out-tsc\app\app.module.js.map
D:\MyFolder\Learning\NetCore\DutchTreat\DutchTreat\wwwroot\clientapp\out-tsc\environments\environment.js
D:\MyFolder\Learning\NetCore\DutchTreat\DutchTreat\wwwroot\clientapp\out-tsc\environments\environment.js.map
D:\MyFolder\Learning\NetCore\DutchTreat\DutchTreat\wwwroot\clientapp\out-tsc\main.js
D:\MyFolder\Learning\NetCore\DutchTreat\DutchTreat\wwwroot\clientapp\out-tsc\main.js.map
D:\MyFolder\Learning\NetCore\DutchTreat\DutchTreat\wwwroot\clientapp\out-tsc\polyfills.js
D:\MyFolder\Learning\NetCore\DutchTreat\DutchTreat\wwwroot\clientapp\out-tsc\polyfills.js.map
D:\MyFolder\Learning\NetCore\DutchTreat\DutchTreat\wwwroot\clientapp\out-tsc\environments\environment.prod.js
D:\MyFolder\Learning\NetCore\DutchTreat\DutchTreat\wwwroot\clientapp\out-tsc\environments\environment.prod.js.map
